{"uuid":"481533cd-bb49-4d6a-a7b9-8eff7ca3e2ba","historyId":"c61696c0e14d542cdce6829fb5115a49","fullName":"api/user.feature:13","labels":[{"name":"tag","value":"api"},{"name":"host","value":"farelnd"},{"name":"thread","value":"23904@farelnd.Test worker(1)"},{"name":"feature","value":"User API"},{"name":"story","value":"Update created user"},{"name":"suite","value":"User API"},{"name":"testClass","value":"Update created user"},{"name":"framework","value":"cucumber4jvm"},{"name":"language","value":"java"},{"name":"gherkin_uri","value":"classpath:api/user.feature"},{"name":"package","value":"api.user_feature.User API"}],"links":[],"name":"Update created user","status":"failed","statusDetails":{"known":false,"muted":false,"flaky":false,"message":"expected:<200> but was:<400>","trace":"java.lang.AssertionError: expected:<200> but was:<400>\r\n\tat org.junit.Assert.fail(Assert.java:89)\r\n\tat org.junit.Assert.failNotEquals(Assert.java:835)\r\n\tat org.junit.Assert.assertEquals(Assert.java:647)\r\n\tat org.junit.Assert.assertEquals(Assert.java:633)\r\n\tat api.UserSteps.validate_status(UserSteps.java:68)\r\n\tat ✽.Response status code should be 200(classpath:api/user.feature:15)\r\n"},"stage":"finished","steps":[{"name":"When  Send PUT request to update saved user","status":"passed","statusDetails":{"known":false,"muted":false,"flaky":false},"stage":"finished","steps":[],"attachments":[],"parameters":[],"start":1772083518989,"stop":1772083519374},{"name":"Then  Response status code should be 200","status":"failed","statusDetails":{"known":false,"muted":false,"flaky":false,"message":"expected:<200> but was:<400>","trace":"java.lang.AssertionError: expected:<200> but was:<400>\r\n\tat org.junit.Assert.fail(Assert.java:89)\r\n\tat org.junit.Assert.failNotEquals(Assert.java:835)\r\n\tat org.junit.Assert.assertEquals(Assert.java:647)\r\n\tat org.junit.Assert.assertEquals(Assert.java:633)\r\n\tat api.UserSteps.validate_status(UserSteps.java:68)\r\n\tat ✽.Response status code should be 200(classpath:api/user.feature:15)\r\n"},"stage":"finished","steps":[],"attachments":[],"parameters":[],"start":1772083519375,"stop":1772083519379}],"attachments":[],"parameters":[],"start":1772083518989,"stop":1772083519380}